x:\.nightfyre\uploads\.git\ff7remakeinternal\x64\debug\vc142.pdb
x:\.nightfyre\uploads\.git\ff7remakeinternal\x64\debug\vc142.idb
x:\.nightfyre\uploads\.git\ff7remakeinternal\x64\debug\menu.obj
x:\.nightfyre\uploads\.git\ff7remakeinternal\x64\debug\hookmain.obj
x:\.nightfyre\uploads\.git\ff7remakeinternal\x64\debug\imgui_widgets.obj
x:\.nightfyre\uploads\.git\ff7remakeinternal\x64\debug\imgui_tables.obj
x:\.nightfyre\uploads\.git\ff7remakeinternal\x64\debug\imgui_impl_win32.obj
x:\.nightfyre\uploads\.git\ff7remakeinternal\x64\debug\imgui_impl_dx11.obj
x:\.nightfyre\uploads\.git\ff7remakeinternal\x64\debug\imgui_draw.obj
x:\.nightfyre\uploads\.git\ff7remakeinternal\x64\debug\imgui_demo.obj
x:\.nightfyre\uploads\.git\ff7remakeinternal\x64\debug\imgui.obj
x:\.nightfyre\uploads\.git\ff7remakeinternal\x64\debug\hooking.obj
x:\.nightfyre\uploads\.git\ff7remakeinternal\x64\debug\game.obj
x:\.nightfyre\uploads\.git\ff7remakeinternal\x64\debug\dllmain.obj
x:\.nightfyre\uploads\.git\ff7remakeinternal\x64\debug\d3d11window.obj
x:\.nightfyre\uploads\.git\ff7remakeinternal\x64\debug\console.obj
x:\.nightfyre\uploads\.git\ff7remakeinternal\x64\debug\trampoline.obj
x:\.nightfyre\uploads\.git\ff7remakeinternal\x64\debug\hook.obj
x:\.nightfyre\uploads\.git\ff7remakeinternal\x64\debug\hde64.obj
x:\.nightfyre\uploads\.git\ff7remakeinternal\x64\debug\hde32.obj
x:\.nightfyre\uploads\.git\ff7remakeinternal\x64\debug\buffer.obj
x:\.nightfyre\uploads\.git\ff7remakeinternal\x64\debug\ff7internal.tlog\cl.command.1.tlog
x:\.nightfyre\uploads\.git\ff7remakeinternal\x64\debug\ff7internal.tlog\cl.read.1.tlog
x:\.nightfyre\uploads\.git\ff7remakeinternal\x64\debug\ff7internal.tlog\cl.write.1.tlog
x:\.nightfyre\uploads\.git\ff7remakeinternal\x64\debug\ff7internal.tlog\link-cvtres.read.1.tlog
x:\.nightfyre\uploads\.git\ff7remakeinternal\x64\debug\ff7internal.tlog\link-cvtres.write.1.tlog
x:\.nightfyre\uploads\.git\ff7remakeinternal\x64\debug\ff7internal.tlog\link-rc.read.1.tlog
x:\.nightfyre\uploads\.git\ff7remakeinternal\x64\debug\ff7internal.tlog\link-rc.write.1.tlog
x:\.nightfyre\uploads\.git\ff7remakeinternal\x64\debug\ff7internal.tlog\link.8620-cvtres.read.1.tlog
x:\.nightfyre\uploads\.git\ff7remakeinternal\x64\debug\ff7internal.tlog\link.8620-cvtres.write.1.tlog
x:\.nightfyre\uploads\.git\ff7remakeinternal\x64\debug\ff7internal.tlog\link.8620-rc.read.1.tlog
x:\.nightfyre\uploads\.git\ff7remakeinternal\x64\debug\ff7internal.tlog\link.8620-rc.write.1.tlog
x:\.nightfyre\uploads\.git\ff7remakeinternal\x64\debug\ff7internal.tlog\link.8620.read.1.tlog
x:\.nightfyre\uploads\.git\ff7remakeinternal\x64\debug\ff7internal.tlog\link.8620.write.1.tlog
x:\.nightfyre\uploads\.git\ff7remakeinternal\x64\debug\ff7internal.tlog\link.command.1.tlog
x:\.nightfyre\uploads\.git\ff7remakeinternal\x64\debug\ff7internal.tlog\link.read.1.tlog
x:\.nightfyre\uploads\.git\ff7remakeinternal\x64\debug\ff7internal.tlog\link.write.1.tlog
